<?xml version="1.0" encoding="UTF-8"?>
<!-- Generated by org.testng.reporters.JUnitXMLReporter -->
<testsuite ignored="0" hostname="LIN51010313" failures="0" tests="4" name="Test" time="30.353" errors="0" timestamp="2022-11-15T21:29:06 IST">
  <testcase classname="tests.implementation.HomePageTests" name="verifyLoginWithCorrectCredentials" time="2.775"/>
  <testcase classname="tests.implementation.HomePageTests" name="verifyOpeningOfCheckingAccount" time="9.397"/>
  <testcase classname="tests.implementation.HomePageTests" name="verifyOpeningOfSavingAccount" time="4.804"/>
  <testcase classname="tests.implementation.HomePageTests" name="verifyBillPaymentAndAccountBalance" time="5.667"/>
</testsuite> <!-- Test -->
