<?xml version="1.0" encoding="UTF-8"?>
<testsuite xmlns:xsi="http://www.w3.org/2001/XMLSchema-instance" xsi:noNamespaceSchemaLocation="https://maven.apache.org/surefire/maven-surefire-plugin/xsd/surefire-test-report-3.0.xsd" version="3.0" name="TestSuite" time="16.195" tests="4" errors="0" skipped="0" failures="4">
  <properties>
[...]
</properties>
  <testcase name="verifyLoginWithCorrectCredentials" classname="tests.implementation.HomePageTests" time="1.589">
    <failure message="expected [ParaBank | Accounts Overview] but found [ParaBank | Error]" type="java.lang.AssertionError">java.lang.AssertionError: expected [ParaBank | Accounts Overview] but found [ParaBank | Error]
	at tests.implementation.HomePageTests.verifyLoginWithCorrectCredentials(HomePageTests.java:19)
</failure>
    <system-err><![CDATA[Starting ChromeDriver 106.0.5249.61 (511755355844955cd3e264779baf0dd38212a4d0-refs/branch-heads/5249@{#569}) on port 44577
Only local connections are allowed.
Please see https://chromedriver.chromium.org/security-considerations for suggestions on keeping ChromeDriver safe.
ChromeDriver was started successfully.
Nov 14, 2022 12:03:25 PM org.openqa.selenium.remote.ProtocolHandshake createSession
INFO: Detected dialect: W3C
]]></system-err>
  </testcase>
  <testcase name="verifyOpeningOfCheckingAccount" classname="tests.implementation.OpenAccountTests" time="0.002">
    <failure message="Cannot invoke &quot;com.parabank.pages.HomePage.loadOpenAccountPage()&quot; because &quot;this.homepage&quot; is null" type="java.lang.NullPointerException">java.lang.NullPointerException: Cannot invoke "com.parabank.pages.HomePage.loadOpenAccountPage()" because "this.homepage" is null
	at tests.implementation.OpenAccountTests.verifyOpeningOfCheckingAccount(OpenAccountTests.java:11)
</failure>
  </testcase>
  <testcase name="verifyOpeningOfSavingAccount" classname="tests.implementation.OpenAccountTests" time="0">
    <failure message="Cannot invoke &quot;com.parabank.pages.HomePage.loadOpenAccountPage()&quot; because &quot;this.homepage&quot; is null" type="java.lang.NullPointerException">java.lang.NullPointerException: Cannot invoke "com.parabank.pages.HomePage.loadOpenAccountPage()" because "this.homepage" is null
	at tests.implementation.OpenAccountTests.verifyOpeningOfSavingAccount(OpenAccountTests.java:24)
</failure>
  </testcase>
  <testcase name="verifyBillPaymentAndBothAccountBalances" classname="tests.implementation.BillPayTests" time="0.002">
    <failure message="Cannot invoke &quot;com.parabank.pages.HomePage.loadOpenAccountPage()&quot; because &quot;this.homepage&quot; is null" type="java.lang.NullPointerException">java.lang.NullPointerException: Cannot invoke "com.parabank.pages.HomePage.loadOpenAccountPage()" because "this.homepage" is null
	at tests.implementation.BillPayTests.verifyBillPaymentAndBothAccountBalances(BillPayTests.java:14)
</failure>
  </testcase>
</testsuite>