<?xml version="1.0" encoding="UTF-8"?>
<testng-results ignored="0" total="4" passed="4" failed="0" skipped="0">
  <reporter-output>
  </reporter-output>
  <suite started-at="2022-11-15T21:28:35 IST" name="Suite" finished-at="2022-11-15T21:29:05 IST" duration-ms="30353">
    <groups>
    </groups>
    <test started-at="2022-11-15T21:28:35 IST" name="Test" finished-at="2022-11-15T21:29:05 IST" duration-ms="30353">
      <class name="tests.implementation.HomePageTests">
        <test-method is-config="true" signature="preSetUp()[pri:0, instance:tests.implementation.HomePageTests@482bce4f]" started-at="2022-11-15T21:28:35 IST" name="preSetUp" finished-at="2022-11-15T21:28:35 IST" duration-ms="330" status="PASS">
          <reporter-output>
          </reporter-output>
        </test-method> <!-- preSetUp -->
        <test-method is-config="true" signature="setup()[pri:0, instance:tests.implementation.HomePageTests@482bce4f]" started-at="2022-11-15T21:28:35 IST" name="setup" finished-at="2022-11-15T21:28:43 IST" duration-ms="7629" status="PASS">
          <reporter-output>
          </reporter-output>
        </test-method> <!-- setup -->
        <test-method signature="verifyLoginWithCorrectCredentials(java.lang.String, java.lang.String)[pri:1, instance:tests.implementation.HomePageTests@482bce4f]" started-at="2022-11-15T21:28:43 IST" name="verifyLoginWithCorrectCredentials" finished-at="2022-11-15T21:28:46 IST" duration-ms="2775" status="PASS">
          <params>
            <param index="0">
              <value>
                <![CDATA[john]]>
              </value>
            </param>
            <param index="1">
              <value>
                <![CDATA[demo]]>
              </value>
            </param>
          </params>
          <reporter-output>
          </reporter-output>
        </test-method> <!-- verifyLoginWithCorrectCredentials -->
        <test-method signature="verifyOpeningOfCheckingAccount()[pri:2, instance:tests.implementation.HomePageTests@482bce4f]" started-at="2022-11-15T21:28:46 IST" name="verifyOpeningOfCheckingAccount" finished-at="2022-11-15T21:28:55 IST" duration-ms="9397" status="PASS">
          <reporter-output>
          </reporter-output>
        </test-method> <!-- verifyOpeningOfCheckingAccount -->
        <test-method signature="verifyOpeningOfSavingAccount()[pri:3, instance:tests.implementation.HomePageTests@482bce4f]" started-at="2022-11-15T21:28:55 IST" name="verifyOpeningOfSavingAccount" finished-at="2022-11-15T21:29:00 IST" duration-ms="4804" status="PASS">
          <reporter-output>
          </reporter-output>
        </test-method> <!-- verifyOpeningOfSavingAccount -->
        <test-method signature="verifyBillPaymentAndAccountBalance(java.lang.String, java.lang.String, java.lang.String, java.lang.String, java.lang.String, java.lang.String, java.lang.String)[pri:4, instance:tests.implementation.HomePageTests@482bce4f]" started-at="2022-11-15T21:29:00 IST" name="verifyBillPaymentAndAccountBalance" finished-at="2022-11-15T21:29:05 IST" duration-ms="5667" status="PASS">
          <params>
            <param index="0">
              <value>
                <![CDATA[ash]]>
              </value>
            </param>
            <param index="1">
              <value>
                <![CDATA[street 1]]>
              </value>
            </param>
            <param index="2">
              <value>
                <![CDATA[Mumbai]]>
              </value>
            </param>
            <param index="3">
              <value>
                <![CDATA[MH]]>
              </value>
            </param>
            <param index="4">
              <value>
                <![CDATA[100]]>
              </value>
            </param>
            <param index="5">
              <value>
                <![CDATA[91243]]>
              </value>
            </param>
            <param index="6">
              <value>
                <![CDATA[50]]>
              </value>
            </param>
          </params>
          <reporter-output>
          </reporter-output>
        </test-method> <!-- verifyBillPaymentAndAccountBalance -->
        <test-method is-config="true" signature="tearDown()[pri:0, instance:tests.implementation.HomePageTests@482bce4f]" started-at="2022-11-15T21:29:06 IST" name="tearDown" finished-at="2022-11-15T21:29:08 IST" duration-ms="2154" status="PASS">
          <reporter-output>
          </reporter-output>
        </test-method> <!-- tearDown -->
      </class> <!-- tests.implementation.HomePageTests -->
    </test> <!-- Test -->
  </suite> <!-- Suite -->
</testng-results>
